nohup: ignoring input
Watching for file changes with StatReloader
[11/Oct/2025 18:35:41] "GET / HTTP/1.1" 200 10589
[11/Oct/2025 18:35:41] "GET /static/dist/output.css HTTP/1.1" 304 0
[11/Oct/2025 18:35:42] "HEAD / HTTP/1.1" 302 0
[11/Oct/2025 18:35:51] "HEAD /login/ HTTP/1.1" 200 0
[11/Oct/2025 18:36:04] "GET / HTTP/1.1" 302 0
[11/Oct/2025 18:36:04] "GET /login/?next=/ HTTP/1.1" 200 4448
[11/Oct/2025 18:36:19] "GET /hijos/1/ HTTP/1.1" 200 19586
[11/Oct/2025 18:36:19] "GET /static/img/favicon.ico HTTP/1.1" 304 0
[11/Oct/2025 18:36:29] "GET /hijos/ HTTP/1.1" 200 22211
[11/Oct/2025 18:37:01] "GET /hijos/1/ HTTP/1.1" 200 19586
[11/Oct/2025 18:37:10] "GET /hijos/ HTTP/1.1" 200 22211
[11/Oct/2025 18:37:29] "GET /logout/ HTTP/1.1" 302 0
[11/Oct/2025 18:37:29] "GET /login/ HTTP/1.1" 200 4448
/home/ucas1/proyectodepretesis2025/usuarios/models.py changed, reloading.
Performing system checks...

System check identified no issues (0 silenced).
October 11, 2025 - 18:35:33
Django version 5.2.7, using settings 'cantina_tita.settings'
Starting development server at http://127.0.0.1:8000/
Quit the server with CONTROL-C.

WARNING: This is a development server. Do not use it in a production setting. Use a production WSGI or ASGI server instead.
For more information on production servers see: https://docs.djangoproject.com/en/5.2/howto/deployment/
Watching for file changes with StatReloader
/home/ucas1/proyectodepretesis2025/usuarios/models.py changed, reloading.
Performing system checks...

System check identified no issues (0 silenced).
October 11, 2025 - 18:39:07
Django version 5.2.7, using settings 'cantina_tita.settings'
Starting development server at http://127.0.0.1:8000/
Quit the server with CONTROL-C.

WARNING: This is a development server. Do not use it in a production setting. Use a production WSGI or ASGI server instead.
For more information on production servers see: https://docs.djangoproject.com/en/5.2/howto/deployment/
Watching for file changes with StatReloader
/home/ucas1/proyectodepretesis2025/usuarios/models.py changed, reloading.
Performing system checks...

System check identified no issues (0 silenced).
October 11, 2025 - 18:39:27
Django version 5.2.7, using settings 'cantina_tita.settings'
Starting development server at http://127.0.0.1:8000/
Quit the server with CONTROL-C.

WARNING: This is a development server. Do not use it in a production setting. Use a production WSGI or ASGI server instead.
For more information on production servers see: https://docs.djangoproject.com/en/5.2/howto/deployment/
Watching for file changes with StatReloader
/home/ucas1/proyectodepretesis2025/usuarios/models.py changed, reloading.
Performing system checks...

System check identified no issues (0 silenced).
October 11, 2025 - 18:39:32
Django version 5.2.7, using settings 'cantina_tita.settings'
Starting development server at http://127.0.0.1:8000/
Quit the server with CONTROL-C.

WARNING: This is a development server. Do not use it in a production setting. Use a production WSGI or ASGI server instead.
For more information on production servers see: https://docs.djangoproject.com/en/5.2/howto/deployment/
Watching for file changes with StatReloader
/home/ucas1/proyectodepretesis2025/usuarios/models.py changed, reloading.
Performing system checks...

System check identified no issues (0 silenced).
October 11, 2025 - 18:39:51
Django version 5.2.7, using settings 'cantina_tita.settings'
Starting development server at http://127.0.0.1:8000/
Quit the server with CONTROL-C.

WARNING: This is a development server. Do not use it in a production setting. Use a production WSGI or ASGI server instead.
For more information on production servers see: https://docs.djangoproject.com/en/5.2/howto/deployment/
Watching for file changes with StatReloader
/home/ucas1/proyectodepretesis2025/usuarios/forms.py changed, reloading.
Performing system checks...

System check identified no issues (0 silenced).
October 11, 2025 - 18:39:54
Django version 5.2.7, using settings 'cantina_tita.settings'
Starting development server at http://127.0.0.1:8000/
Quit the server with CONTROL-C.

WARNING: This is a development server. Do not use it in a production setting. Use a production WSGI or ASGI server instead.
For more information on production servers see: https://docs.djangoproject.com/en/5.2/howto/deployment/
Watching for file changes with StatReloader
/home/ucas1/proyectodepretesis2025/usuarios/forms.py changed, reloading.
Performing system checks...

System check identified no issues (0 silenced).
October 11, 2025 - 18:40:09
Django version 5.2.7, using settings 'cantina_tita.settings'
Starting development server at http://127.0.0.1:8000/
Quit the server with CONTROL-C.

WARNING: This is a development server. Do not use it in a production setting. Use a production WSGI or ASGI server instead.
For more information on production servers see: https://docs.djangoproject.com/en/5.2/howto/deployment/
Watching for file changes with StatReloader
/home/ucas1/proyectodepretesis2025/usuarios/forms.py changed, reloading.
Performing system checks...

System check identified no issues (0 silenced).
October 11, 2025 - 18:40:18
Django version 5.2.7, using settings 'cantina_tita.settings'
Starting development server at http://127.0.0.1:8000/
Quit the server with CONTROL-C.

WARNING: This is a development server. Do not use it in a production setting. Use a production WSGI or ASGI server instead.
For more information on production servers see: https://docs.djangoproject.com/en/5.2/howto/deployment/
Watching for file changes with StatReloader
/home/ucas1/proyectodepretesis2025/usuarios/views.py changed, reloading.
Performing system checks...

System check identified no issues (0 silenced).
October 11, 2025 - 18:40:25
Django version 5.2.7, using settings 'cantina_tita.settings'
Starting development server at http://127.0.0.1:8000/
Quit the server with CONTROL-C.

WARNING: This is a development server. Do not use it in a production setting. Use a production WSGI or ASGI server instead.
For more information on production servers see: https://docs.djangoproject.com/en/5.2/howto/deployment/
Watching for file changes with StatReloader
/home/ucas1/proyectodepretesis2025/usuarios/urls.py changed, reloading.
Performing system checks...

System check identified no issues (0 silenced).
October 11, 2025 - 18:41:51
Django version 5.2.7, using settings 'cantina_tita.settings'
Starting development server at http://127.0.0.1:8000/
Quit the server with CONTROL-C.

WARNING: This is a development server. Do not use it in a production setting. Use a production WSGI or ASGI server instead.
For more information on production servers see: https://docs.djangoproject.com/en/5.2/howto/deployment/
Watching for file changes with StatReloader
/home/ucas1/proyectodepretesis2025/usuarios/admin.py changed, reloading.
Performing system checks...

System check identified no issues (0 silenced).
October 11, 2025 - 18:42:05
Django version 5.2.7, using settings 'cantina_tita.settings'
Starting development server at http://127.0.0.1:8000/
Quit the server with CONTROL-C.

WARNING: This is a development server. Do not use it in a production setting. Use a production WSGI or ASGI server instead.
For more information on production servers see: https://docs.djangoproject.com/en/5.2/howto/deployment/
Watching for file changes with StatReloader
/home/ucas1/proyectodepretesis2025/usuarios/urls.py changed, reloading.
Performing system checks...

System check identified no issues (0 silenced).
October 11, 2025 - 18:42:21
Django version 5.2.7, using settings 'cantina_tita.settings'
Starting development server at http://127.0.0.1:8000/
Quit the server with CONTROL-C.

WARNING: This is a development server. Do not use it in a production setting. Use a production WSGI or ASGI server instead.
For more information on production servers see: https://docs.djangoproject.com/en/5.2/howto/deployment/
Watching for file changes with StatReloader
/home/ucas1/proyectodepretesis2025/usuarios/admin.py changed, reloading.
Performing system checks...

System check identified no issues (0 silenced).
October 11, 2025 - 18:43:25
Django version 5.2.7, using settings 'cantina_tita.settings'
Starting development server at http://127.0.0.1:8000/
Quit the server with CONTROL-C.

WARNING: This is a development server. Do not use it in a production setting. Use a production WSGI or ASGI server instead.
For more information on production servers see: https://docs.djangoproject.com/en/5.2/howto/deployment/
Watching for file changes with StatReloader
/home/ucas1/proyectodepretesis2025/usuarios/admin.py changed, reloading.
Performing system checks...

System check identified no issues (0 silenced).
October 11, 2025 - 18:43:33
Django version 5.2.7, using settings 'cantina_tita.settings'
Starting development server at http://127.0.0.1:8000/
Quit the server with CONTROL-C.

WARNING: This is a development server. Do not use it in a production setting. Use a production WSGI or ASGI server instead.
For more information on production servers see: https://docs.djangoproject.com/en/5.2/howto/deployment/
Watching for file changes with StatReloader
Exception in thread django-main-thread:
Traceback (most recent call last):
  File "/usr/lib/python3.12/threading.py", line 1073, in _bootstrap_inner
    self.run()
  File "/usr/lib/python3.12/threading.py", line 1010, in run
    self._target(*self._args, **self._kwargs)
  File "/home/ucas1/proyectodepretesis2025/.venv/lib/python3.12/site-packages/django/utils/autoreload.py", line 64, in wrapper
    fn(*args, **kwargs)
  File "/home/ucas1/proyectodepretesis2025/.venv/lib/python3.12/site-packages/django/core/management/commands/runserver.py", line 134, in inner_run
    self.check(**check_kwargs)
  File "/home/ucas1/proyectodepretesis2025/.venv/lib/python3.12/site-packages/django/core/management/base.py", line 569, in check
    raise SystemCheckError(msg)
django.core.management.base.SystemCheckError: SystemCheckError: System check identified some issues:

ERRORS:
<class 'usuarios.admin.TransaccionTarjetaAdmin'>: (admin.E108) The value of 'list_display[5]' refers to 'descripcion', which is not a callable or attribute of 'TransaccionTarjetaAdmin', or an attribute, method, or field on 'usuarios.TransaccionTarjeta'.

System check identified 1 issue (0 silenced).
/home/ucas1/proyectodepretesis2025/usuarios/admin.py changed, reloading.
Performing system checks...

Watching for file changes with StatReloader
Exception in thread django-main-thread:
Traceback (most recent call last):
  File "/usr/lib/python3.12/threading.py", line 1073, in _bootstrap_inner
    self.run()
  File "/usr/lib/python3.12/threading.py", line 1010, in run
    self._target(*self._args, **self._kwargs)
  File "/home/ucas1/proyectodepretesis2025/.venv/lib/python3.12/site-packages/django/utils/autoreload.py", line 64, in wrapper
    fn(*args, **kwargs)
  File "/home/ucas1/proyectodepretesis2025/.venv/lib/python3.12/site-packages/django/core/management/commands/runserver.py", line 134, in inner_run
    self.check(**check_kwargs)
  File "/home/ucas1/proyectodepretesis2025/.venv/lib/python3.12/site-packages/django/core/management/base.py", line 569, in check
    raise SystemCheckError(msg)
django.core.management.base.SystemCheckError: SystemCheckError: System check identified some issues:

ERRORS:
<class 'usuarios.admin.TransaccionTarjetaAdmin'>: (admin.E108) The value of 'list_display[5]' refers to 'descripcion', which is not a callable or attribute of 'TransaccionTarjetaAdmin', or an attribute, method, or field on 'usuarios.TransaccionTarjeta'.

System check identified 1 issue (0 silenced).
/home/ucas1/proyectodepretesis2025/usuarios/admin.py changed, reloading.
Performing system checks...

Watching for file changes with StatReloader
/home/ucas1/proyectodepretesis2025/usuarios/admin.py changed, reloading.
Performing system checks...

System check identified no issues (0 silenced).
October 11, 2025 - 18:44:06
Django version 5.2.7, using settings 'cantina_tita.settings'
Starting development server at http://127.0.0.1:8000/
Quit the server with CONTROL-C.

WARNING: This is a development server. Do not use it in a production setting. Use a production WSGI or ASGI server instead.
For more information on production servers see: https://docs.djangoproject.com/en/5.2/howto/deployment/
Watching for file changes with StatReloader
/home/ucas1/proyectodepretesis2025/usuarios/admin.py changed, reloading.
Performing system checks...

System check identified no issues (0 silenced).
October 11, 2025 - 18:44:10
Django version 5.2.7, using settings 'cantina_tita.settings'
Starting development server at http://127.0.0.1:8000/
Quit the server with CONTROL-C.

WARNING: This is a development server. Do not use it in a production setting. Use a production WSGI or ASGI server instead.
For more information on production servers see: https://docs.djangoproject.com/en/5.2/howto/deployment/
Watching for file changes with StatReloader
/home/ucas1/proyectodepretesis2025/usuarios/admin.py changed, reloading.
Performing system checks...

System check identified no issues (0 silenced).
October 11, 2025 - 18:44:15
Django version 5.2.7, using settings 'cantina_tita.settings'
Starting development server at http://127.0.0.1:8000/
Quit the server with CONTROL-C.

WARNING: This is a development server. Do not use it in a production setting. Use a production WSGI or ASGI server instead.
For more information on production servers see: https://docs.djangoproject.com/en/5.2/howto/deployment/
Watching for file changes with StatReloader
/home/ucas1/proyectodepretesis2025/usuarios/models.py changed, reloading.
Performing system checks...

System check identified no issues (0 silenced).
October 11, 2025 - 18:44:17
Django version 5.2.7, using settings 'cantina_tita.settings'
Starting development server at http://127.0.0.1:8000/
Quit the server with CONTROL-C.

WARNING: This is a development server. Do not use it in a production setting. Use a production WSGI or ASGI server instead.
For more information on production servers see: https://docs.djangoproject.com/en/5.2/howto/deployment/
Watching for file changes with StatReloader
/home/ucas1/proyectodepretesis2025/usuarios/models.py changed, reloading.
Performing system checks...

System check identified no issues (0 silenced).
October 11, 2025 - 18:56:09
Django version 5.2.7, using settings 'cantina_tita.settings'
Starting development server at http://127.0.0.1:8000/
Quit the server with CONTROL-C.

WARNING: This is a development server. Do not use it in a production setting. Use a production WSGI or ASGI server instead.
For more information on production servers see: https://docs.djangoproject.com/en/5.2/howto/deployment/
Watching for file changes with StatReloader
/home/ucas1/proyectodepretesis2025/usuarios/forms.py changed, reloading.
Performing system checks...

System check identified no issues (0 silenced).
October 11, 2025 - 18:56:18
Django version 5.2.7, using settings 'cantina_tita.settings'
Starting development server at http://127.0.0.1:8000/
Quit the server with CONTROL-C.

WARNING: This is a development server. Do not use it in a production setting. Use a production WSGI or ASGI server instead.
For more information on production servers see: https://docs.djangoproject.com/en/5.2/howto/deployment/
Watching for file changes with StatReloader
/home/ucas1/proyectodepretesis2025/usuarios/forms.py changed, reloading.
Performing system checks...

System check identified no issues (0 silenced).
October 11, 2025 - 18:56:30
Django version 5.2.7, using settings 'cantina_tita.settings'
Starting development server at http://127.0.0.1:8000/
Quit the server with CONTROL-C.

WARNING: This is a development server. Do not use it in a production setting. Use a production WSGI or ASGI server instead.
For more information on production servers see: https://docs.djangoproject.com/en/5.2/howto/deployment/
Watching for file changes with StatReloader
/home/ucas1/proyectodepretesis2025/usuarios/forms.py changed, reloading.
Performing system checks...

System check identified no issues (0 silenced).
October 11, 2025 - 18:56:36
Django version 5.2.7, using settings 'cantina_tita.settings'
Starting development server at http://127.0.0.1:8000/
Quit the server with CONTROL-C.

WARNING: This is a development server. Do not use it in a production setting. Use a production WSGI or ASGI server instead.
For more information on production servers see: https://docs.djangoproject.com/en/5.2/howto/deployment/
Watching for file changes with StatReloader
/home/ucas1/proyectodepretesis2025/usuarios/forms.py changed, reloading.
Performing system checks...

System check identified no issues (0 silenced).
October 11, 2025 - 18:56:46
Django version 5.2.7, using settings 'cantina_tita.settings'
Starting development server at http://127.0.0.1:8000/
Quit the server with CONTROL-C.

WARNING: This is a development server. Do not use it in a production setting. Use a production WSGI or ASGI server instead.
For more information on production servers see: https://docs.djangoproject.com/en/5.2/howto/deployment/
Watching for file changes with StatReloader
/home/ucas1/proyectodepretesis2025/usuarios/forms.py changed, reloading.
Performing system checks...

System check identified no issues (0 silenced).
October 11, 2025 - 18:56:48
Django version 5.2.7, using settings 'cantina_tita.settings'
Starting development server at http://127.0.0.1:8000/
Quit the server with CONTROL-C.

WARNING: This is a development server. Do not use it in a production setting. Use a production WSGI or ASGI server instead.
For more information on production servers see: https://docs.djangoproject.com/en/5.2/howto/deployment/
Watching for file changes with StatReloader
/home/ucas1/proyectodepretesis2025/usuarios/forms.py changed, reloading.
Performing system checks...

System check identified no issues (0 silenced).
October 11, 2025 - 18:56:55
Django version 5.2.7, using settings 'cantina_tita.settings'
Starting development server at http://127.0.0.1:8000/
Quit the server with CONTROL-C.

WARNING: This is a development server. Do not use it in a production setting. Use a production WSGI or ASGI server instead.
For more information on production servers see: https://docs.djangoproject.com/en/5.2/howto/deployment/
Watching for file changes with StatReloader
/home/ucas1/proyectodepretesis2025/usuarios/forms.py changed, reloading.
Performing system checks...

System check identified no issues (0 silenced).
October 11, 2025 - 18:57:01
Django version 5.2.7, using settings 'cantina_tita.settings'
Starting development server at http://127.0.0.1:8000/
Quit the server with CONTROL-C.

WARNING: This is a development server. Do not use it in a production setting. Use a production WSGI or ASGI server instead.
For more information on production servers see: https://docs.djangoproject.com/en/5.2/howto/deployment/
Watching for file changes with StatReloader
/home/ucas1/proyectodepretesis2025/usuarios/forms.py changed, reloading.
Performing system checks...

System check identified no issues (0 silenced).
October 11, 2025 - 18:57:15
Django version 5.2.7, using settings 'cantina_tita.settings'
Starting development server at http://127.0.0.1:8000/
Quit the server with CONTROL-C.

WARNING: This is a development server. Do not use it in a production setting. Use a production WSGI or ASGI server instead.
For more information on production servers see: https://docs.djangoproject.com/en/5.2/howto/deployment/
Watching for file changes with StatReloader
/home/ucas1/proyectodepretesis2025/usuarios/forms.py changed, reloading.
Performing system checks...

System check identified no issues (0 silenced).
October 11, 2025 - 18:57:25
Django version 5.2.7, using settings 'cantina_tita.settings'
Starting development server at http://127.0.0.1:8000/
Quit the server with CONTROL-C.

WARNING: This is a development server. Do not use it in a production setting. Use a production WSGI or ASGI server instead.
For more information on production servers see: https://docs.djangoproject.com/en/5.2/howto/deployment/
Watching for file changes with StatReloader
/home/ucas1/proyectodepretesis2025/usuarios/views.py changed, reloading.
Performing system checks...

System check identified no issues (0 silenced).
October 11, 2025 - 18:57:29
Django version 5.2.7, using settings 'cantina_tita.settings'
Starting development server at http://127.0.0.1:8000/
Quit the server with CONTROL-C.

WARNING: This is a development server. Do not use it in a production setting. Use a production WSGI or ASGI server instead.
For more information on production servers see: https://docs.djangoproject.com/en/5.2/howto/deployment/
Watching for file changes with StatReloader
/home/ucas1/proyectodepretesis2025/usuarios/views.py changed, reloading.
Performing system checks...

System check identified no issues (0 silenced).
October 11, 2025 - 18:58:36
Django version 5.2.7, using settings 'cantina_tita.settings'
Starting development server at http://127.0.0.1:8000/
Quit the server with CONTROL-C.

WARNING: This is a development server. Do not use it in a production setting. Use a production WSGI or ASGI server instead.
For more information on production servers see: https://docs.djangoproject.com/en/5.2/howto/deployment/
Watching for file changes with StatReloader
/home/ucas1/proyectodepretesis2025/usuarios/views.py changed, reloading.
Performing system checks...

System check identified no issues (0 silenced).
October 11, 2025 - 18:58:42
Django version 5.2.7, using settings 'cantina_tita.settings'
Starting development server at http://127.0.0.1:8000/
Quit the server with CONTROL-C.

WARNING: This is a development server. Do not use it in a production setting. Use a production WSGI or ASGI server instead.
For more information on production servers see: https://docs.djangoproject.com/en/5.2/howto/deployment/
Watching for file changes with StatReloader
/home/ucas1/proyectodepretesis2025/usuarios/views.py changed, reloading.
Performing system checks...

System check identified no issues (0 silenced).
October 11, 2025 - 18:59:05
Django version 5.2.7, using settings 'cantina_tita.settings'
Starting development server at http://127.0.0.1:8000/
Quit the server with CONTROL-C.

WARNING: This is a development server. Do not use it in a production setting. Use a production WSGI or ASGI server instead.
For more information on production servers see: https://docs.djangoproject.com/en/5.2/howto/deployment/
Watching for file changes with StatReloader
/home/ucas1/proyectodepretesis2025/usuarios/urls.py changed, reloading.
Performing system checks...

System check identified no issues (0 silenced).
October 11, 2025 - 19:00:00
Django version 5.2.7, using settings 'cantina_tita.settings'
Starting development server at http://127.0.0.1:8000/
Quit the server with CONTROL-C.

WARNING: This is a development server. Do not use it in a production setting. Use a production WSGI or ASGI server instead.
For more information on production servers see: https://docs.djangoproject.com/en/5.2/howto/deployment/
Watching for file changes with StatReloader
/home/ucas1/proyectodepretesis2025/usuarios/urls.py changed, reloading.
Performing system checks...

System check identified no issues (0 silenced).
October 11, 2025 - 19:00:03
Django version 5.2.7, using settings 'cantina_tita.settings'
Starting development server at http://127.0.0.1:8000/
Quit the server with CONTROL-C.

WARNING: This is a development server. Do not use it in a production setting. Use a production WSGI or ASGI server instead.
For more information on production servers see: https://docs.djangoproject.com/en/5.2/howto/deployment/
Watching for file changes with StatReloader
/home/ucas1/proyectodepretesis2025/ventas/models.py changed, reloading.
Performing system checks...

System check identified no issues (0 silenced).
October 11, 2025 - 19:00:06
Django version 5.2.7, using settings 'cantina_tita.settings'
Starting development server at http://127.0.0.1:8000/
Quit the server with CONTROL-C.

WARNING: This is a development server. Do not use it in a production setting. Use a production WSGI or ASGI server instead.
For more information on production servers see: https://docs.djangoproject.com/en/5.2/howto/deployment/
Watching for file changes with StatReloader
/home/ucas1/proyectodepretesis2025/ventas/models.py changed, reloading.
Performing system checks...

System check identified no issues (0 silenced).
October 11, 2025 - 20:15:51
Django version 5.2.7, using settings 'cantina_tita.settings'
Starting development server at http://127.0.0.1:8000/
Quit the server with CONTROL-C.

WARNING: This is a development server. Do not use it in a production setting. Use a production WSGI or ASGI server instead.
For more information on production servers see: https://docs.djangoproject.com/en/5.2/howto/deployment/
Watching for file changes with StatReloader
/home/ucas1/proyectodepretesis2025/ventas/views.py changed, reloading.
Performing system checks...

System check identified no issues (0 silenced).
October 11, 2025 - 20:15:53
Django version 5.2.7, using settings 'cantina_tita.settings'
Starting development server at http://127.0.0.1:8000/
Quit the server with CONTROL-C.

WARNING: This is a development server. Do not use it in a production setting. Use a production WSGI or ASGI server instead.
For more information on production servers see: https://docs.djangoproject.com/en/5.2/howto/deployment/
Watching for file changes with StatReloader
/home/ucas1/proyectodepretesis2025/ventas/views.py changed, reloading.
Performing system checks...

System check identified no issues (0 silenced).
October 11, 2025 - 20:16:11
Django version 5.2.7, using settings 'cantina_tita.settings'
Starting development server at http://127.0.0.1:8000/
Quit the server with CONTROL-C.

WARNING: This is a development server. Do not use it in a production setting. Use a production WSGI or ASGI server instead.
For more information on production servers see: https://docs.djangoproject.com/en/5.2/howto/deployment/
Watching for file changes with StatReloader
/home/ucas1/proyectodepretesis2025/ventas/views.py changed, reloading.
Performing system checks...

System check identified no issues (0 silenced).
October 11, 2025 - 20:16:17
Django version 5.2.7, using settings 'cantina_tita.settings'
Starting development server at http://127.0.0.1:8000/
Quit the server with CONTROL-C.

WARNING: This is a development server. Do not use it in a production setting. Use a production WSGI or ASGI server instead.
For more information on production servers see: https://docs.djangoproject.com/en/5.2/howto/deployment/
Watching for file changes with StatReloader
Exception in thread django-main-thread:
Traceback (most recent call last):
  File "/usr/lib/python3.12/threading.py", line 1073, in _bootstrap_inner
    self.run()
  File "/usr/lib/python3.12/threading.py", line 1010, in run
    self._target(*self._args, **self._kwargs)
  File "/home/ucas1/proyectodepretesis2025/.venv/lib/python3.12/site-packages/django/utils/autoreload.py", line 64, in wrapper
    fn(*args, **kwargs)
  File "/home/ucas1/proyectodepretesis2025/.venv/lib/python3.12/site-packages/django/core/management/commands/runserver.py", line 134, in inner_run
    self.check(**check_kwargs)
  File "/home/ucas1/proyectodepretesis2025/.venv/lib/python3.12/site-packages/django/core/management/base.py", line 492, in check
    all_issues = checks.run_checks(
                 ^^^^^^^^^^^^^^^^^^
  File "/home/ucas1/proyectodepretesis2025/.venv/lib/python3.12/site-packages/django/core/checks/registry.py", line 89, in run_checks
    new_errors = check(app_configs=app_configs, databases=databases)
                 ^^^^^^^^^^^^^^^^^^^^^^^^^^^^^^^^^^^^^^^^^^^^^^^^^^^
  File "/home/ucas1/proyectodepretesis2025/.venv/lib/python3.12/site-packages/django/core/checks/urls.py", line 16, in check_url_config
    return check_resolver(resolver)
           ^^^^^^^^^^^^^^^^^^^^^^^^
  File "/home/ucas1/proyectodepretesis2025/.venv/lib/python3.12/site-packages/django/core/checks/urls.py", line 26, in check_resolver
    return check_method()
           ^^^^^^^^^^^^^^
  File "/home/ucas1/proyectodepretesis2025/.venv/lib/python3.12/site-packages/django/urls/resolvers.py", line 531, in check
    for pattern in self.url_patterns:
                   ^^^^^^^^^^^^^^^^^
  File "/home/ucas1/proyectodepretesis2025/.venv/lib/python3.12/site-packages/django/utils/functional.py", line 47, in __get__
    res = instance.__dict__[self.name] = self.func(instance)
                                         ^^^^^^^^^^^^^^^^^^^
  File "/home/ucas1/proyectodepretesis2025/.venv/lib/python3.12/site-packages/django/urls/resolvers.py", line 718, in url_patterns
    patterns = getattr(self.urlconf_module, "urlpatterns", self.urlconf_module)
                       ^^^^^^^^^^^^^^^^^^^
  File "/home/ucas1/proyectodepretesis2025/.venv/lib/python3.12/site-packages/django/utils/functional.py", line 47, in __get__
    res = instance.__dict__[self.name] = self.func(instance)
                                         ^^^^^^^^^^^^^^^^^^^
  File "/home/ucas1/proyectodepretesis2025/.venv/lib/python3.12/site-packages/django/urls/resolvers.py", line 711, in urlconf_module
    return import_module(self.urlconf_name)
           ^^^^^^^^^^^^^^^^^^^^^^^^^^^^^^^^
  File "/usr/lib/python3.12/importlib/__init__.py", line 90, in import_module
    return _bootstrap._gcd_import(name[level:], package, level)
           ^^^^^^^^^^^^^^^^^^^^^^^^^^^^^^^^^^^^^^^^^^^^^^^^^^^^
  File "<frozen importlib._bootstrap>", line 1387, in _gcd_import
  File "<frozen importlib._bootstrap>", line 1360, in _find_and_load
  File "<frozen importlib._bootstrap>", line 1331, in _find_and_load_unlocked
  File "<frozen importlib._bootstrap>", line 935, in _load_unlocked
  File "<frozen importlib._bootstrap_external>", line 995, in exec_module
  File "<frozen importlib._bootstrap>", line 488, in _call_with_frames_removed
  File "/home/ucas1/proyectodepretesis2025/cantina_tita/urls.py", line 21, in <module>
    path('ventas/', include('ventas.urls')),
                    ^^^^^^^^^^^^^^^^^^^^^^
  File "/home/ucas1/proyectodepretesis2025/.venv/lib/python3.12/site-packages/django/urls/conf.py", line 39, in include
    urlconf_module = import_module(urlconf_module)
                     ^^^^^^^^^^^^^^^^^^^^^^^^^^^^^
  File "/usr/lib/python3.12/importlib/__init__.py", line 90, in import_module
    return _bootstrap._gcd_import(name[level:], package, level)
           ^^^^^^^^^^^^^^^^^^^^^^^^^^^^^^^^^^^^^^^^^^^^^^^^^^^^
  File "<frozen importlib._bootstrap>", line 1387, in _gcd_import
  File "<frozen importlib._bootstrap>", line 1360, in _find_and_load
  File "<frozen importlib._bootstrap>", line 1331, in _find_and_load_unlocked
  File "<frozen importlib._bootstrap>", line 935, in _load_unlocked
  File "<frozen importlib._bootstrap_external>", line 995, in exec_module
  File "<frozen importlib._bootstrap>", line 488, in _call_with_frames_removed
  File "/home/ucas1/proyectodepretesis2025/ventas/urls.py", line 7, in <module>
    path('', views.lista_ventas, name='lista_ventas'),
             ^^^^^^^^^^^^^^^^^^
AttributeError: module 'ventas.views' has no attribute 'lista_ventas'
/home/ucas1/proyectodepretesis2025/ventas/views.py changed, reloading.
Performing system checks...

Watching for file changes with StatReloader
Exception in thread django-main-thread:
Traceback (most recent call last):
  File "/usr/lib/python3.12/threading.py", line 1073, in _bootstrap_inner
    self.run()
  File "/usr/lib/python3.12/threading.py", line 1010, in run
    self._target(*self._args, **self._kwargs)
  File "/home/ucas1/proyectodepretesis2025/.venv/lib/python3.12/site-packages/django/utils/autoreload.py", line 64, in wrapper
    fn(*args, **kwargs)
  File "/home/ucas1/proyectodepretesis2025/.venv/lib/python3.12/site-packages/django/core/management/commands/runserver.py", line 134, in inner_run
    self.check(**check_kwargs)
  File "/home/ucas1/proyectodepretesis2025/.venv/lib/python3.12/site-packages/django/core/management/base.py", line 492, in check
    all_issues = checks.run_checks(
                 ^^^^^^^^^^^^^^^^^^
  File "/home/ucas1/proyectodepretesis2025/.venv/lib/python3.12/site-packages/django/core/checks/registry.py", line 89, in run_checks
    new_errors = check(app_configs=app_configs, databases=databases)
                 ^^^^^^^^^^^^^^^^^^^^^^^^^^^^^^^^^^^^^^^^^^^^^^^^^^^
  File "/home/ucas1/proyectodepretesis2025/.venv/lib/python3.12/site-packages/django/core/checks/urls.py", line 16, in check_url_config
    return check_resolver(resolver)
           ^^^^^^^^^^^^^^^^^^^^^^^^
  File "/home/ucas1/proyectodepretesis2025/.venv/lib/python3.12/site-packages/django/core/checks/urls.py", line 26, in check_resolver
    return check_method()
           ^^^^^^^^^^^^^^
  File "/home/ucas1/proyectodepretesis2025/.venv/lib/python3.12/site-packages/django/urls/resolvers.py", line 531, in check
    for pattern in self.url_patterns:
                   ^^^^^^^^^^^^^^^^^
  File "/home/ucas1/proyectodepretesis2025/.venv/lib/python3.12/site-packages/django/utils/functional.py", line 47, in __get__
    res = instance.__dict__[self.name] = self.func(instance)
                                         ^^^^^^^^^^^^^^^^^^^
  File "/home/ucas1/proyectodepretesis2025/.venv/lib/python3.12/site-packages/django/urls/resolvers.py", line 718, in url_patterns
    patterns = getattr(self.urlconf_module, "urlpatterns", self.urlconf_module)
                       ^^^^^^^^^^^^^^^^^^^
  File "/home/ucas1/proyectodepretesis2025/.venv/lib/python3.12/site-packages/django/utils/functional.py", line 47, in __get__
    res = instance.__dict__[self.name] = self.func(instance)
                                         ^^^^^^^^^^^^^^^^^^^
  File "/home/ucas1/proyectodepretesis2025/.venv/lib/python3.12/site-packages/django/urls/resolvers.py", line 711, in urlconf_module
    return import_module(self.urlconf_name)
           ^^^^^^^^^^^^^^^^^^^^^^^^^^^^^^^^
  File "/usr/lib/python3.12/importlib/__init__.py", line 90, in import_module
    return _bootstrap._gcd_import(name[level:], package, level)
           ^^^^^^^^^^^^^^^^^^^^^^^^^^^^^^^^^^^^^^^^^^^^^^^^^^^^
  File "<frozen importlib._bootstrap>", line 1387, in _gcd_import
  File "<frozen importlib._bootstrap>", line 1360, in _find_and_load
  File "<frozen importlib._bootstrap>", line 1331, in _find_and_load_unlocked
  File "<frozen importlib._bootstrap>", line 935, in _load_unlocked
  File "<frozen importlib._bootstrap_external>", line 995, in exec_module
  File "<frozen importlib._bootstrap>", line 488, in _call_with_frames_removed
  File "/home/ucas1/proyectodepretesis2025/cantina_tita/urls.py", line 21, in <module>
    path('ventas/', include('ventas.urls')),
                    ^^^^^^^^^^^^^^^^^^^^^^
  File "/home/ucas1/proyectodepretesis2025/.venv/lib/python3.12/site-packages/django/urls/conf.py", line 39, in include
    urlconf_module = import_module(urlconf_module)
                     ^^^^^^^^^^^^^^^^^^^^^^^^^^^^^
  File "/usr/lib/python3.12/importlib/__init__.py", line 90, in import_module
    return _bootstrap._gcd_import(name[level:], package, level)
           ^^^^^^^^^^^^^^^^^^^^^^^^^^^^^^^^^^^^^^^^^^^^^^^^^^^^
  File "<frozen importlib._bootstrap>", line 1387, in _gcd_import
  File "<frozen importlib._bootstrap>", line 1360, in _find_and_load
  File "<frozen importlib._bootstrap>", line 1331, in _find_and_load_unlocked
  File "<frozen importlib._bootstrap>", line 935, in _load_unlocked
  File "<frozen importlib._bootstrap_external>", line 995, in exec_module
  File "<frozen importlib._bootstrap>", line 488, in _call_with_frames_removed
  File "/home/ucas1/proyectodepretesis2025/ventas/urls.py", line 7, in <module>
    path('', views.lista_ventas, name='lista_ventas'),
             ^^^^^^^^^^^^^^^^^^
AttributeError: module 'ventas.views' has no attribute 'lista_ventas'
/home/ucas1/proyectodepretesis2025/ventas/urls.py changed, reloading.
Performing system checks...

Watching for file changes with StatReloader
Exception in thread django-main-thread:
Traceback (most recent call last):
  File "/usr/lib/python3.12/threading.py", line 1073, in _bootstrap_inner
    self.run()
  File "/usr/lib/python3.12/threading.py", line 1010, in run
    self._target(*self._args, **self._kwargs)
  File "/home/ucas1/proyectodepretesis2025/.venv/lib/python3.12/site-packages/django/utils/autoreload.py", line 64, in wrapper
    fn(*args, **kwargs)
  File "/home/ucas1/proyectodepretesis2025/.venv/lib/python3.12/site-packages/django/core/management/commands/runserver.py", line 134, in inner_run
    self.check(**check_kwargs)
  File "/home/ucas1/proyectodepretesis2025/.venv/lib/python3.12/site-packages/django/core/management/base.py", line 492, in check
    all_issues = checks.run_checks(
                 ^^^^^^^^^^^^^^^^^^
  File "/home/ucas1/proyectodepretesis2025/.venv/lib/python3.12/site-packages/django/core/checks/registry.py", line 89, in run_checks
    new_errors = check(app_configs=app_configs, databases=databases)
                 ^^^^^^^^^^^^^^^^^^^^^^^^^^^^^^^^^^^^^^^^^^^^^^^^^^^
  File "/home/ucas1/proyectodepretesis2025/.venv/lib/python3.12/site-packages/django/core/checks/urls.py", line 16, in check_url_config
    return check_resolver(resolver)
           ^^^^^^^^^^^^^^^^^^^^^^^^
  File "/home/ucas1/proyectodepretesis2025/.venv/lib/python3.12/site-packages/django/core/checks/urls.py", line 26, in check_resolver
    return check_method()
           ^^^^^^^^^^^^^^
  File "/home/ucas1/proyectodepretesis2025/.venv/lib/python3.12/site-packages/django/urls/resolvers.py", line 531, in check
    for pattern in self.url_patterns:
                   ^^^^^^^^^^^^^^^^^
  File "/home/ucas1/proyectodepretesis2025/.venv/lib/python3.12/site-packages/django/utils/functional.py", line 47, in __get__
    res = instance.__dict__[self.name] = self.func(instance)
                                         ^^^^^^^^^^^^^^^^^^^
  File "/home/ucas1/proyectodepretesis2025/.venv/lib/python3.12/site-packages/django/urls/resolvers.py", line 718, in url_patterns
    patterns = getattr(self.urlconf_module, "urlpatterns", self.urlconf_module)
                       ^^^^^^^^^^^^^^^^^^^
  File "/home/ucas1/proyectodepretesis2025/.venv/lib/python3.12/site-packages/django/utils/functional.py", line 47, in __get__
    res = instance.__dict__[self.name] = self.func(instance)
                                         ^^^^^^^^^^^^^^^^^^^
  File "/home/ucas1/proyectodepretesis2025/.venv/lib/python3.12/site-packages/django/urls/resolvers.py", line 711, in urlconf_module
    return import_module(self.urlconf_name)
           ^^^^^^^^^^^^^^^^^^^^^^^^^^^^^^^^
  File "/usr/lib/python3.12/importlib/__init__.py", line 90, in import_module
    return _bootstrap._gcd_import(name[level:], package, level)
           ^^^^^^^^^^^^^^^^^^^^^^^^^^^^^^^^^^^^^^^^^^^^^^^^^^^^
  File "<frozen importlib._bootstrap>", line 1387, in _gcd_import
  File "<frozen importlib._bootstrap>", line 1360, in _find_and_load
  File "<frozen importlib._bootstrap>", line 1331, in _find_and_load_unlocked
  File "<frozen importlib._bootstrap>", line 935, in _load_unlocked
  File "<frozen importlib._bootstrap_external>", line 995, in exec_module
  File "<frozen importlib._bootstrap>", line 488, in _call_with_frames_removed
  File "/home/ucas1/proyectodepretesis2025/cantina_tita/urls.py", line 21, in <module>
    path('ventas/', include('ventas.urls')),
                    ^^^^^^^^^^^^^^^^^^^^^^
  File "/home/ucas1/proyectodepretesis2025/.venv/lib/python3.12/site-packages/django/urls/conf.py", line 39, in include
    urlconf_module = import_module(urlconf_module)
                     ^^^^^^^^^^^^^^^^^^^^^^^^^^^^^
  File "/usr/lib/python3.12/importlib/__init__.py", line 90, in import_module
    return _bootstrap._gcd_import(name[level:], package, level)
           ^^^^^^^^^^^^^^^^^^^^^^^^^^^^^^^^^^^^^^^^^^^^^^^^^^^^
  File "<frozen importlib._bootstrap>", line 1387, in _gcd_import
  File "<frozen importlib._bootstrap>", line 1360, in _find_and_load
  File "<frozen importlib._bootstrap>", line 1331, in _find_and_load_unlocked
  File "<frozen importlib._bootstrap>", line 935, in _load_unlocked
  File "<frozen importlib._bootstrap_external>", line 995, in exec_module
  File "<frozen importlib._bootstrap>", line 488, in _call_with_frames_removed
  File "/home/ucas1/proyectodepretesis2025/ventas/urls.py", line 7, in <module>
    path('', views.lista_ventas, name='lista_ventas'),
             ^^^^^^^^^^^^^^^^^^
AttributeError: module 'ventas.views' has no attribute 'lista_ventas'
/home/ucas1/proyectodepretesis2025/ventas/urls.py changed, reloading.
Performing system checks...

Watching for file changes with StatReloader
Exception in thread django-main-thread:
Traceback (most recent call last):
  File "/usr/lib/python3.12/threading.py", line 1073, in _bootstrap_inner
    self.run()
  File "/usr/lib/python3.12/threading.py", line 1010, in run
    self._target(*self._args, **self._kwargs)
  File "/home/ucas1/proyectodepretesis2025/.venv/lib/python3.12/site-packages/django/utils/autoreload.py", line 64, in wrapper
    fn(*args, **kwargs)
  File "/home/ucas1/proyectodepretesis2025/.venv/lib/python3.12/site-packages/django/core/management/commands/runserver.py", line 134, in inner_run
    self.check(**check_kwargs)
  File "/home/ucas1/proyectodepretesis2025/.venv/lib/python3.12/site-packages/django/core/management/base.py", line 492, in check
    all_issues = checks.run_checks(
                 ^^^^^^^^^^^^^^^^^^
  File "/home/ucas1/proyectodepretesis2025/.venv/lib/python3.12/site-packages/django/core/checks/registry.py", line 89, in run_checks
    new_errors = check(app_configs=app_configs, databases=databases)
                 ^^^^^^^^^^^^^^^^^^^^^^^^^^^^^^^^^^^^^^^^^^^^^^^^^^^
  File "/home/ucas1/proyectodepretesis2025/.venv/lib/python3.12/site-packages/django/core/checks/urls.py", line 16, in check_url_config
    return check_resolver(resolver)
           ^^^^^^^^^^^^^^^^^^^^^^^^
  File "/home/ucas1/proyectodepretesis2025/.venv/lib/python3.12/site-packages/django/core/checks/urls.py", line 26, in check_resolver
    return check_method()
           ^^^^^^^^^^^^^^
  File "/home/ucas1/proyectodepretesis2025/.venv/lib/python3.12/site-packages/django/urls/resolvers.py", line 531, in check
    for pattern in self.url_patterns:
                   ^^^^^^^^^^^^^^^^^
  File "/home/ucas1/proyectodepretesis2025/.venv/lib/python3.12/site-packages/django/utils/functional.py", line 47, in __get__
    res = instance.__dict__[self.name] = self.func(instance)
                                         ^^^^^^^^^^^^^^^^^^^
  File "/home/ucas1/proyectodepretesis2025/.venv/lib/python3.12/site-packages/django/urls/resolvers.py", line 718, in url_patterns
    patterns = getattr(self.urlconf_module, "urlpatterns", self.urlconf_module)
                       ^^^^^^^^^^^^^^^^^^^
  File "/home/ucas1/proyectodepretesis2025/.venv/lib/python3.12/site-packages/django/utils/functional.py", line 47, in __get__
    res = instance.__dict__[self.name] = self.func(instance)
                                         ^^^^^^^^^^^^^^^^^^^
  File "/home/ucas1/proyectodepretesis2025/.venv/lib/python3.12/site-packages/django/urls/resolvers.py", line 711, in urlconf_module
    return import_module(self.urlconf_name)
           ^^^^^^^^^^^^^^^^^^^^^^^^^^^^^^^^
  File "/usr/lib/python3.12/importlib/__init__.py", line 90, in import_module
    return _bootstrap._gcd_import(name[level:], package, level)
           ^^^^^^^^^^^^^^^^^^^^^^^^^^^^^^^^^^^^^^^^^^^^^^^^^^^^
  File "<frozen importlib._bootstrap>", line 1387, in _gcd_import
  File "<frozen importlib._bootstrap>", line 1360, in _find_and_load
  File "<frozen importlib._bootstrap>", line 1331, in _find_and_load_unlocked
  File "<frozen importlib._bootstrap>", line 935, in _load_unlocked
  File "<frozen importlib._bootstrap_external>", line 995, in exec_module
  File "<frozen importlib._bootstrap>", line 488, in _call_with_frames_removed
  File "/home/ucas1/proyectodepretesis2025/cantina_tita/urls.py", line 21, in <module>
    path('ventas/', include('ventas.urls')),
                    ^^^^^^^^^^^^^^^^^^^^^^
  File "/home/ucas1/proyectodepretesis2025/.venv/lib/python3.12/site-packages/django/urls/conf.py", line 39, in include
    urlconf_module = import_module(urlconf_module)
                     ^^^^^^^^^^^^^^^^^^^^^^^^^^^^^
  File "/usr/lib/python3.12/importlib/__init__.py", line 90, in import_module
    return _bootstrap._gcd_import(name[level:], package, level)
           ^^^^^^^^^^^^^^^^^^^^^^^^^^^^^^^^^^^^^^^^^^^^^^^^^^^^
  File "<frozen importlib._bootstrap>", line 1387, in _gcd_import
  File "<frozen importlib._bootstrap>", line 1360, in _find_and_load
  File "<frozen importlib._bootstrap>", line 1331, in _find_and_load_unlocked
  File "<frozen importlib._bootstrap>", line 935, in _load_unlocked
  File "<frozen importlib._bootstrap_external>", line 995, in exec_module
  File "<frozen importlib._bootstrap>", line 488, in _call_with_frames_removed
  File "/home/ucas1/proyectodepretesis2025/ventas/urls.py", line 7, in <module>
    path('', views.lista_ventas, name='lista_ventas'),
             ^^^^^^^^^^^^^^^^^^
AttributeError: module 'ventas.views' has no attribute 'lista_ventas'
/home/ucas1/proyectodepretesis2025/ventas/views.py changed, reloading.
Performing system checks...

Watching for file changes with StatReloader
/home/ucas1/proyectodepretesis2025/ventas/views.py changed, reloading.
Performing system checks...

System check identified no issues (0 silenced).
October 11, 2025 - 20:20:25
Django version 5.2.7, using settings 'cantina_tita.settings'
Starting development server at http://127.0.0.1:8000/
Quit the server with CONTROL-C.

WARNING: This is a development server. Do not use it in a production setting. Use a production WSGI or ASGI server instead.
For more information on production servers see: https://docs.djangoproject.com/en/5.2/howto/deployment/
Watching for file changes with StatReloader
/home/ucas1/proyectodepretesis2025/reportes/views.py changed, reloading.
Performing system checks...

System check identified no issues (0 silenced).
October 11, 2025 - 20:20:29
Django version 5.2.7, using settings 'cantina_tita.settings'
Starting development server at http://127.0.0.1:8000/
Quit the server with CONTROL-C.

WARNING: This is a development server. Do not use it in a production setting. Use a production WSGI or ASGI server instead.
For more information on production servers see: https://docs.djangoproject.com/en/5.2/howto/deployment/
Watching for file changes with StatReloader
/home/ucas1/proyectodepretesis2025/reportes/views.py changed, reloading.
Performing system checks...

System check identified no issues (0 silenced).
October 11, 2025 - 20:23:25
Django version 5.2.7, using settings 'cantina_tita.settings'
Starting development server at http://127.0.0.1:8000/
Quit the server with CONTROL-C.

WARNING: This is a development server. Do not use it in a production setting. Use a production WSGI or ASGI server instead.
For more information on production servers see: https://docs.djangoproject.com/en/5.2/howto/deployment/
Watching for file changes with StatReloader
/home/ucas1/proyectodepretesis2025/reportes/views.py changed, reloading.
Performing system checks...

System check identified no issues (0 silenced).
October 11, 2025 - 20:23:30
Django version 5.2.7, using settings 'cantina_tita.settings'
Starting development server at http://127.0.0.1:8000/
Quit the server with CONTROL-C.

WARNING: This is a development server. Do not use it in a production setting. Use a production WSGI or ASGI server instead.
For more information on production servers see: https://docs.djangoproject.com/en/5.2/howto/deployment/
Watching for file changes with StatReloader
/home/ucas1/proyectodepretesis2025/reportes/views.py changed, reloading.
Performing system checks...

System check identified no issues (0 silenced).
October 11, 2025 - 20:24:42
Django version 5.2.7, using settings 'cantina_tita.settings'
Starting development server at http://127.0.0.1:8000/
Quit the server with CONTROL-C.

WARNING: This is a development server. Do not use it in a production setting. Use a production WSGI or ASGI server instead.
For more information on production servers see: https://docs.djangoproject.com/en/5.2/howto/deployment/
Watching for file changes with StatReloader
/home/ucas1/proyectodepretesis2025/reportes/views.py changed, reloading.
Performing system checks...

System check identified no issues (0 silenced).
October 11, 2025 - 20:24:49
Django version 5.2.7, using settings 'cantina_tita.settings'
Starting development server at http://127.0.0.1:8000/
Quit the server with CONTROL-C.

WARNING: This is a development server. Do not use it in a production setting. Use a production WSGI or ASGI server instead.
For more information on production servers see: https://docs.djangoproject.com/en/5.2/howto/deployment/
Watching for file changes with StatReloader
/home/ucas1/proyectodepretesis2025/reportes/views.py changed, reloading.
Performing system checks...

System check identified no issues (0 silenced).
October 11, 2025 - 20:25:20
Django version 5.2.7, using settings 'cantina_tita.settings'
Starting development server at http://127.0.0.1:8000/
Quit the server with CONTROL-C.

WARNING: This is a development server. Do not use it in a production setting. Use a production WSGI or ASGI server instead.
For more information on production servers see: https://docs.djangoproject.com/en/5.2/howto/deployment/
Watching for file changes with StatReloader
/home/ucas1/proyectodepretesis2025/cantina_tita/settings.py changed, reloading.
Performing system checks...

System check identified no issues (0 silenced).
October 11, 2025 - 20:25:24
Django version 5.2.7, using settings 'cantina_tita.settings'
Starting development server at http://127.0.0.1:8000/
Quit the server with CONTROL-C.

WARNING: This is a development server. Do not use it in a production setting. Use a production WSGI or ASGI server instead.
For more information on production servers see: https://docs.djangoproject.com/en/5.2/howto/deployment/
/home/ucas1/proyectodepretesis2025/cantina_tita/settings.py:137: SyntaxWarning: invalid escape sequence '\d'
  DATE_FORMAT = 'j \d\e F \d\e Y'
/home/ucas1/proyectodepretesis2025/cantina_tita/settings.py:138: SyntaxWarning: invalid escape sequence '\d'
  DATETIME_FORMAT = 'j \d\e F \d\e Y, H:i'
Watching for file changes with StatReloader
Exception in thread django-main-thread:
Traceback (most recent call last):
  File "/usr/lib/python3.12/threading.py", line 1073, in _bootstrap_inner
    self.run()
  File "/usr/lib/python3.12/threading.py", line 1010, in run
    self._target(*self._args, **self._kwargs)
  File "/home/ucas1/proyectodepretesis2025/.venv/lib/python3.12/site-packages/django/utils/autoreload.py", line 64, in wrapper
    fn(*args, **kwargs)
  File "/home/ucas1/proyectodepretesis2025/.venv/lib/python3.12/site-packages/django/core/management/commands/runserver.py", line 134, in inner_run
    self.check(**check_kwargs)
  File "/home/ucas1/proyectodepretesis2025/.venv/lib/python3.12/site-packages/django/core/management/base.py", line 569, in check
    raise SystemCheckError(msg)
django.core.management.base.SystemCheckError: SystemCheckError: System check identified some issues:

ERRORS:
facturacion.Factura.usuario_creacion: (fields.E301) Field defines a relation with the model 'auth.User', which has been swapped out.
	HINT: Update the relation to point at 'settings.AUTH_USER_MODEL'.
facturacion.Factura.venta: (fields.E304) Reverse accessor 'Venta.factura' for 'facturacion.Factura.venta' clashes with reverse accessor for 'ventas.Factura.venta'.
	HINT: Add or change a related_name argument to the definition for 'facturacion.Factura.venta' or 'ventas.Factura.venta'.
facturacion.Factura.venta: (fields.E305) Reverse query name for 'facturacion.Factura.venta' clashes with reverse query name for 'ventas.Factura.venta'.
	HINT: Add or change a related_name argument to the definition for 'facturacion.Factura.venta' or 'ventas.Factura.venta'.
facturacion.HistorialFacturacion.usuario: (fields.E301) Field defines a relation with the model 'auth.User', which has been swapped out.
	HINT: Update the relation to point at 'settings.AUTH_USER_MODEL'.
ventas.Factura.venta: (fields.E304) Reverse accessor 'Venta.factura' for 'ventas.Factura.venta' clashes with reverse accessor for 'facturacion.Factura.venta'.
	HINT: Add or change a related_name argument to the definition for 'ventas.Factura.venta' or 'facturacion.Factura.venta'.
ventas.Factura.venta: (fields.E305) Reverse query name for 'ventas.Factura.venta' clashes with reverse query name for 'facturacion.Factura.venta'.
	HINT: Add or change a related_name argument to the definition for 'ventas.Factura.venta' or 'facturacion.Factura.venta'.

System check identified 6 issues (0 silenced).
/home/ucas1/proyectodepretesis2025/cantina_tita/settings.py changed, reloading.
Performing system checks...

/home/ucas1/proyectodepretesis2025/cantina_tita/settings.py:137: SyntaxWarning: invalid escape sequence '\d'
  DATE_FORMAT = 'j \d\e F \d\e Y'
/home/ucas1/proyectodepretesis2025/cantina_tita/settings.py:138: SyntaxWarning: invalid escape sequence '\d'
  DATETIME_FORMAT = 'j \d\e F \d\e Y, H:i'
Watching for file changes with StatReloader
Exception in thread django-main-thread:
Traceback (most recent call last):
  File "/usr/lib/python3.12/threading.py", line 1073, in _bootstrap_inner
    self.run()
  File "/usr/lib/python3.12/threading.py", line 1010, in run
    self._target(*self._args, **self._kwargs)
  File "/home/ucas1/proyectodepretesis2025/.venv/lib/python3.12/site-packages/django/utils/autoreload.py", line 64, in wrapper
    fn(*args, **kwargs)
  File "/home/ucas1/proyectodepretesis2025/.venv/lib/python3.12/site-packages/django/core/management/commands/runserver.py", line 134, in inner_run
    self.check(**check_kwargs)
  File "/home/ucas1/proyectodepretesis2025/.venv/lib/python3.12/site-packages/django/core/management/base.py", line 569, in check
    raise SystemCheckError(msg)
django.core.management.base.SystemCheckError: SystemCheckError: System check identified some issues:

ERRORS:
facturacion.Factura.usuario_creacion: (fields.E301) Field defines a relation with the model 'auth.User', which has been swapped out.
	HINT: Update the relation to point at 'settings.AUTH_USER_MODEL'.
facturacion.Factura.venta: (fields.E304) Reverse accessor 'Venta.factura' for 'facturacion.Factura.venta' clashes with reverse accessor for 'ventas.Factura.venta'.
	HINT: Add or change a related_name argument to the definition for 'facturacion.Factura.venta' or 'ventas.Factura.venta'.
facturacion.Factura.venta: (fields.E305) Reverse query name for 'facturacion.Factura.venta' clashes with reverse query name for 'ventas.Factura.venta'.
	HINT: Add or change a related_name argument to the definition for 'facturacion.Factura.venta' or 'ventas.Factura.venta'.
facturacion.HistorialFacturacion.usuario: (fields.E301) Field defines a relation with the model 'auth.User', which has been swapped out.
	HINT: Update the relation to point at 'settings.AUTH_USER_MODEL'.
ventas.Factura.venta: (fields.E304) Reverse accessor 'Venta.factura' for 'ventas.Factura.venta' clashes with reverse accessor for 'facturacion.Factura.venta'.
	HINT: Add or change a related_name argument to the definition for 'ventas.Factura.venta' or 'facturacion.Factura.venta'.
ventas.Factura.venta: (fields.E305) Reverse query name for 'ventas.Factura.venta' clashes with reverse query name for 'facturacion.Factura.venta'.
	HINT: Add or change a related_name argument to the definition for 'ventas.Factura.venta' or 'facturacion.Factura.venta'.

System check identified 6 issues (0 silenced).
/home/ucas1/proyectodepretesis2025/facturacion/models.py changed, reloading.
Performing system checks...

Watching for file changes with StatReloader
/home/ucas1/proyectodepretesis2025/facturacion/models.py changed, reloading.
Performing system checks...

System check identified no issues (0 silenced).
October 11, 2025 - 21:06:37
Django version 5.2.7, using settings 'cantina_tita.settings'
Starting development server at http://127.0.0.1:8000/
Quit the server with CONTROL-C.

WARNING: This is a development server. Do not use it in a production setting. Use a production WSGI or ASGI server instead.
For more information on production servers see: https://docs.djangoproject.com/en/5.2/howto/deployment/
Watching for file changes with StatReloader
/home/ucas1/proyectodepretesis2025/ventas/models.py changed, reloading.
Performing system checks...

System check identified no issues (0 silenced).
October 11, 2025 - 21:06:42
Django version 5.2.7, using settings 'cantina_tita.settings'
Starting development server at http://127.0.0.1:8000/
Quit the server with CONTROL-C.

WARNING: This is a development server. Do not use it in a production setting. Use a production WSGI or ASGI server instead.
For more information on production servers see: https://docs.djangoproject.com/en/5.2/howto/deployment/
Watching for file changes with StatReloader
/home/ucas1/proyectodepretesis2025/ventas/models.py changed, reloading.
Performing system checks...

System check identified no issues (0 silenced).
October 11, 2025 - 21:07:06
Django version 5.2.7, using settings 'cantina_tita.settings'
Starting development server at http://127.0.0.1:8000/
Quit the server with CONTROL-C.

WARNING: This is a development server. Do not use it in a production setting. Use a production WSGI or ASGI server instead.
For more information on production servers see: https://docs.djangoproject.com/en/5.2/howto/deployment/
Watching for file changes with StatReloader
/home/ucas1/proyectodepretesis2025/cantina_tita/urls.py changed, reloading.
Performing system checks...

System check identified no issues (0 silenced).
October 12, 2025 - 02:47:02
Django version 5.2.7, using settings 'cantina_tita.settings'
Starting development server at http://127.0.0.1:8000/
Quit the server with CONTROL-C.

WARNING: This is a development server. Do not use it in a production setting. Use a production WSGI or ASGI server instead.
For more information on production servers see: https://docs.djangoproject.com/en/5.2/howto/deployment/
Watching for file changes with StatReloader
/home/ucas1/proyectodepretesis2025/facturacion/urls.py changed, reloading.
Performing system checks...

System check identified no issues (0 silenced).
October 12, 2025 - 02:49:21
Django version 5.2.7, using settings 'cantina_tita.settings'
Starting development server at http://127.0.0.1:8000/
Quit the server with CONTROL-C.

WARNING: This is a development server. Do not use it in a production setting. Use a production WSGI or ASGI server instead.
For more information on production servers see: https://docs.djangoproject.com/en/5.2/howto/deployment/
Watching for file changes with StatReloader
/home/ucas1/proyectodepretesis2025/ventas/views.py changed, reloading.
Performing system checks...

System check identified no issues (0 silenced).
October 12, 2025 - 02:49:33
Django version 5.2.7, using settings 'cantina_tita.settings'
Starting development server at http://127.0.0.1:8000/
Quit the server with CONTROL-C.

WARNING: This is a development server. Do not use it in a production setting. Use a production WSGI or ASGI server instead.
For more information on production servers see: https://docs.djangoproject.com/en/5.2/howto/deployment/
Watching for file changes with StatReloader
/home/ucas1/proyectodepretesis2025/ventas/views.py changed, reloading.
Performing system checks...

System check identified no issues (0 silenced).
October 12, 2025 - 02:53:24
Django version 5.2.7, using settings 'cantina_tita.settings'
Starting development server at http://127.0.0.1:8000/
Quit the server with CONTROL-C.

WARNING: This is a development server. Do not use it in a production setting. Use a production WSGI or ASGI server instead.
For more information on production servers see: https://docs.djangoproject.com/en/5.2/howto/deployment/
Watching for file changes with StatReloader
/home/ucas1/proyectodepretesis2025/ventas/views.py changed, reloading.
Performing system checks...

System check identified no issues (0 silenced).
October 12, 2025 - 02:53:30
Django version 5.2.7, using settings 'cantina_tita.settings'
Starting development server at http://127.0.0.1:8000/
Quit the server with CONTROL-C.

WARNING: This is a development server. Do not use it in a production setting. Use a production WSGI or ASGI server instead.
For more information on production servers see: https://docs.djangoproject.com/en/5.2/howto/deployment/
Watching for file changes with StatReloader
/home/ucas1/proyectodepretesis2025/ventas/views.py changed, reloading.
Performing system checks...

System check identified no issues (0 silenced).
October 12, 2025 - 02:53:33
Django version 5.2.7, using settings 'cantina_tita.settings'
Starting development server at http://127.0.0.1:8000/
Quit the server with CONTROL-C.

WARNING: This is a development server. Do not use it in a production setting. Use a production WSGI or ASGI server instead.
For more information on production servers see: https://docs.djangoproject.com/en/5.2/howto/deployment/
Watching for file changes with StatReloader
/home/ucas1/proyectodepretesis2025/ventas/models.py changed, reloading.
Performing system checks...

System check identified no issues (0 silenced).
October 12, 2025 - 02:53:36
Django version 5.2.7, using settings 'cantina_tita.settings'
Starting development server at http://127.0.0.1:8000/
Quit the server with CONTROL-C.

WARNING: This is a development server. Do not use it in a production setting. Use a production WSGI or ASGI server instead.
For more information on production servers see: https://docs.djangoproject.com/en/5.2/howto/deployment/
Watching for file changes with StatReloader
/home/ucas1/proyectodepretesis2025/ventas/models.py changed, reloading.
Performing system checks...

System check identified no issues (0 silenced).
October 12, 2025 - 02:57:25
Django version 5.2.7, using settings 'cantina_tita.settings'
Starting development server at http://127.0.0.1:8000/
Quit the server with CONTROL-C.

WARNING: This is a development server. Do not use it in a production setting. Use a production WSGI or ASGI server instead.
For more information on production servers see: https://docs.djangoproject.com/en/5.2/howto/deployment/
Watching for file changes with StatReloader
/home/ucas1/proyectodepretesis2025/ventas/views.py changed, reloading.
Performing system checks...

System check identified no issues (0 silenced).
October 12, 2025 - 02:57:28
Django version 5.2.7, using settings 'cantina_tita.settings'
Starting development server at http://127.0.0.1:8000/
Quit the server with CONTROL-C.

WARNING: This is a development server. Do not use it in a production setting. Use a production WSGI or ASGI server instead.
For more information on production servers see: https://docs.djangoproject.com/en/5.2/howto/deployment/
Watching for file changes with StatReloader
/home/ucas1/proyectodepretesis2025/ventas/views.py changed, reloading.
Performing system checks...

System check identified no issues (0 silenced).
October 12, 2025 - 02:57:45
Django version 5.2.7, using settings 'cantina_tita.settings'
Starting development server at http://127.0.0.1:8000/
Quit the server with CONTROL-C.

WARNING: This is a development server. Do not use it in a production setting. Use a production WSGI or ASGI server instead.
For more information on production servers see: https://docs.djangoproject.com/en/5.2/howto/deployment/
Watching for file changes with StatReloader
/home/ucas1/proyectodepretesis2025/ventas/views.py changed, reloading.
Performing system checks...

System check identified no issues (0 silenced).
October 12, 2025 - 02:57:48
Django version 5.2.7, using settings 'cantina_tita.settings'
Starting development server at http://127.0.0.1:8000/
Quit the server with CONTROL-C.

WARNING: This is a development server. Do not use it in a production setting. Use a production WSGI or ASGI server instead.
For more information on production servers see: https://docs.djangoproject.com/en/5.2/howto/deployment/
Watching for file changes with StatReloader
/home/ucas1/proyectodepretesis2025/ventas/views.py changed, reloading.
Performing system checks...

System check identified no issues (0 silenced).
October 12, 2025 - 02:57:52
Django version 5.2.7, using settings 'cantina_tita.settings'
Starting development server at http://127.0.0.1:8000/
Quit the server with CONTROL-C.

WARNING: This is a development server. Do not use it in a production setting. Use a production WSGI or ASGI server instead.
For more information on production servers see: https://docs.djangoproject.com/en/5.2/howto/deployment/
Watching for file changes with StatReloader
/home/ucas1/proyectodepretesis2025/ventas/models.py changed, reloading.
Performing system checks...

System check identified no issues (0 silenced).
October 12, 2025 - 02:57:55
Django version 5.2.7, using settings 'cantina_tita.settings'
Starting development server at http://127.0.0.1:8000/
Quit the server with CONTROL-C.

WARNING: This is a development server. Do not use it in a production setting. Use a production WSGI or ASGI server instead.
For more information on production servers see: https://docs.djangoproject.com/en/5.2/howto/deployment/
Watching for file changes with StatReloader
/home/ucas1/proyectodepretesis2025/ventas/models.py changed, reloading.
Performing system checks...

System check identified no issues (0 silenced).
October 12, 2025 - 02:58:05
Django version 5.2.7, using settings 'cantina_tita.settings'
Starting development server at http://127.0.0.1:8000/
Quit the server with CONTROL-C.

WARNING: This is a development server. Do not use it in a production setting. Use a production WSGI or ASGI server instead.
For more information on production servers see: https://docs.djangoproject.com/en/5.2/howto/deployment/
Watching for file changes with StatReloader
